running egg_info
creating ../../build/robot_ter_bringup/robot_ter_bringup.egg-info
writing ../../build/robot_ter_bringup/robot_ter_bringup.egg-info/PKG-INFO
writing dependency_links to ../../build/robot_ter_bringup/robot_ter_bringup.egg-info/dependency_links.txt
writing requirements to ../../build/robot_ter_bringup/robot_ter_bringup.egg-info/requires.txt
writing top-level names to ../../build/robot_ter_bringup/robot_ter_bringup.egg-info/top_level.txt
writing manifest file '../../build/robot_ter_bringup/robot_ter_bringup.egg-info/SOURCES.txt'
reading manifest file '../../build/robot_ter_bringup/robot_ter_bringup.egg-info/SOURCES.txt'
writing manifest file '../../build/robot_ter_bringup/robot_ter_bringup.egg-info/SOURCES.txt'
running build
running build_py
creating /home/mostafa/www/robot-ter/robot_ter_ws/build/robot_ter_bringup/build
creating /home/mostafa/www/robot-ter/robot_ter_ws/build/robot_ter_bringup/build/lib
creating /home/mostafa/www/robot-ter/robot_ter_ws/build/robot_ter_bringup/build/lib/robot_ter_bringup
copying robot_ter_bringup/__init__.py -> /home/mostafa/www/robot-ter/robot_ter_ws/build/robot_ter_bringup/build/lib/robot_ter_bringup
running install
running install_lib
creating /home/mostafa/www/robot-ter/robot_ter_ws/install/robot_ter_bringup/lib/python3.12/site-packages/robot_ter_bringup
copying /home/mostafa/www/robot-ter/robot_ter_ws/build/robot_ter_bringup/build/lib/robot_ter_bringup/__init__.py -> /home/mostafa/www/robot-ter/robot_ter_ws/install/robot_ter_bringup/lib/python3.12/site-packages/robot_ter_bringup
byte-compiling /home/mostafa/www/robot-ter/robot_ter_ws/install/robot_ter_bringup/lib/python3.12/site-packages/robot_ter_bringup/__init__.py to __init__.cpython-312.pyc
running install_data
creating /home/mostafa/www/robot-ter/robot_ter_ws/install/robot_ter_bringup/share/ament_index
creating /home/mostafa/www/robot-ter/robot_ter_ws/install/robot_ter_bringup/share/ament_index/resource_index
creating /home/mostafa/www/robot-ter/robot_ter_ws/install/robot_ter_bringup/share/ament_index/resource_index/packages
copying resource/robot_ter_bringup -> /home/mostafa/www/robot-ter/robot_ter_ws/install/robot_ter_bringup/share/ament_index/resource_index/packages
copying package.xml -> /home/mostafa/www/robot-ter/robot_ter_ws/install/robot_ter_bringup/share/robot_ter_bringup
creating /home/mostafa/www/robot-ter/robot_ter_ws/install/robot_ter_bringup/share/robot_ter_bringup/launch
copying launch/custom_world.launch.py -> /home/mostafa/www/robot-ter/robot_ter_ws/install/robot_ter_bringup/share/robot_ter_bringup/launch
creating /home/mostafa/www/robot-ter/robot_ter_ws/install/robot_ter_bringup/share/robot_ter_bringup/worlds
copying worlds/robot_ter_city.world -> /home/mostafa/www/robot-ter/robot_ter_ws/install/robot_ter_bringup/share/robot_ter_bringup/worlds
running install_egg_info
Copying ../../build/robot_ter_bringup/robot_ter_bringup.egg-info to /home/mostafa/www/robot-ter/robot_ter_ws/install/robot_ter_bringup/lib/python3.12/site-packages/robot_ter_bringup-0.1.0-py3.12.egg-info
running install_scripts
writing list of installed files to '/home/mostafa/www/robot-ter/robot_ter_ws/build/robot_ter_bringup/install.log'
